[2019-07-15 23:29:28] app.ERROR: completed [] {"uid":"394b610"}
[2019-07-15 23:30:11] app.ERROR: 1 [] {"uid":"a2f33aa"}
[2019-07-15 23:30:51] app.ERROR: 1 [] {"uid":"50de14d"}
[2019-07-15 23:32:18] app.ERROR: 1 [] {"uid":"30e2d50"}
[2019-07-15 23:34:08] app.ERROR: 1 [] {"uid":"db9b819"}
[2019-07-15 23:36:31] app.ERROR: 1 [] {"uid":"797b8d7"}
[2019-07-15 23:40:27] app.ERROR: 1 [] {"uid":"c87e411"}
[2019-07-15 23:41:00] app.ERROR: 1 [] {"uid":"2f01e06"}
[2019-07-15 23:41:14] app.ERROR: 1 [] {"uid":"c730b6b"}
[2019-07-15 23:44:06] app.ERROR: 1 [] {"uid":"6dc2ff3"}
[2019-07-15 23:44:06] app.DEBUG: Get user 1 [] {"uid":"6dc2ff3"}
[2019-07-15 23:44:06] app.INFO: completed [] {"uid":"6dc2ff3"}
[2019-07-15 23:44:39] app.ERROR: 1 [] {"uid":"f9cff3f"}
[2019-07-15 23:44:39] app.DEBUG: Get user 1 [] {"uid":"f9cff3f"}
[2019-07-15 23:44:39] app.INFO: completed [] {"uid":"f9cff3f"}
[2019-07-15 23:45:33] app.ERROR: 1 [] {"uid":"97cfd7f"}
[2019-07-15 23:45:33] app.DEBUG: Get user 1 [] {"uid":"97cfd7f"}
[2019-07-15 23:45:33] app.INFO: completed [] {"uid":"97cfd7f"}
[2019-07-15 23:46:08] app.ERROR: 1 [] {"uid":"48d3c6a"}
[2019-07-15 23:46:11] app.ERROR: 1 [] {"uid":"6d179b3"}
[2019-07-15 23:46:11] app.ERROR: 1 [] {"uid":"c8bc9f6"}
[2019-07-15 23:46:11] app.ERROR: 1 [] {"uid":"adc8c25"}
[2019-07-15 23:49:51] app.ERROR: 1 [] {"uid":"4935440"}
[2019-07-15 23:49:52] app.ERROR: 1 [] {"uid":"9dbc46f"}
[2019-07-15 23:50:01] app.ERROR: 1 [] {"uid":"51c48f8"}
[2019-07-15 23:50:25] app.ERROR: 1 [] {"uid":"f8b1934"}
[2019-07-15 23:50:25] app.DEBUG: Get user 1 [] {"uid":"f8b1934"}
[2019-07-15 23:50:25] app.INFO: User retrieved 1 [] {"uid":"f8b1934"}
[2019-07-15 23:50:34] app.ERROR: 1 [] {"uid":"4e828a4"}
[2019-07-15 23:50:34] app.DEBUG: Get user 1 [] {"uid":"4e828a4"}
[2019-07-15 23:50:34] app.INFO: User retrieved 1 [] {"uid":"4e828a4"}
[2019-07-15 23:50:51] app.ERROR: 1 [] {"uid":"fa87161"}
[2019-07-15 23:50:51] app.DEBUG: Get user 1 [] {"uid":"fa87161"}
[2019-07-15 23:50:51] app.INFO: User retrieved 1 [] {"uid":"fa87161"}
[2019-07-15 23:51:55] app.ERROR: 1 [] {"uid":"ea27884"}
[2019-07-15 23:51:55] app.DEBUG: Get user 1 [] {"uid":"ea27884"}
[2019-07-15 23:51:55] app.INFO: User retrieved 1 [] {"uid":"ea27884"}
[2019-07-15 23:51:56] app.ERROR: 1 [] {"uid":"afc7740"}
[2019-07-15 23:51:56] app.DEBUG: Get user 1 [] {"uid":"afc7740"}
[2019-07-15 23:51:56] app.INFO: User retrieved 1 [] {"uid":"afc7740"}
[2019-07-15 23:51:57] app.ERROR: 1 [] {"uid":"c5acd87"}
[2019-07-15 23:51:57] app.DEBUG: Get user 1 [] {"uid":"c5acd87"}
[2019-07-15 23:51:57] app.INFO: User retrieved 1 [] {"uid":"c5acd87"}
[2019-07-15 23:52:10] app.ERROR: 1 [] {"uid":"0558d1b"}
[2019-07-15 23:52:10] app.DEBUG: Get user 1 [] {"uid":"0558d1b"}
[2019-07-15 23:52:10] app.INFO: User retrieved 1 [] {"uid":"0558d1b"}
[2019-07-15 23:52:11] app.ERROR: 1 [] {"uid":"cbc699a"}
[2019-07-15 23:52:11] app.DEBUG: Get user 1 [] {"uid":"cbc699a"}
[2019-07-15 23:52:11] app.INFO: User retrieved 1 [] {"uid":"cbc699a"}
[2019-07-15 23:58:21] app.ERROR: 1 [] {"uid":"28941f4"}
[2019-07-15 23:58:22] app.ERROR: 1 [] {"uid":"d00b31a"}
[2019-07-15 23:58:22] app.ERROR: 1 [] {"uid":"516bd44"}
[2019-07-15 23:58:23] app.ERROR: 1 [] {"uid":"bc9f97f"}
[2019-07-15 23:58:35] app.ERROR: 1 [] {"uid":"5e0cbc8"}
[2019-07-16 00:00:16] app.ERROR: 1 [] {"uid":"aeba955"}
[2019-07-16 00:00:16] app.DEBUG: Get user  [] {"uid":"aeba955"}
[2019-07-16 00:00:16] app.INFO: User retrieved 1 [] {"uid":"aeba955"}
[2019-07-16 00:00:51] app.ERROR: 1 [] {"uid":"99e2834"}
[2019-07-16 00:00:51] app.DEBUG: Get user  [] {"uid":"99e2834"}
[2019-07-16 00:00:51] app.INFO: User retrieved 1 [] {"uid":"99e2834"}
[2019-07-16 00:02:07] app.ERROR: 1 [] {"uid":"a2881e4"}
[2019-07-16 00:02:07] app.DEBUG: Get user  [] {"uid":"a2881e4"}
[2019-07-16 00:02:07] app.INFO: User retrieved 1 [] {"uid":"a2881e4"}
[2019-07-16 00:02:08] app.ERROR: 1 [] {"uid":"06389db"}
[2019-07-16 00:02:08] app.DEBUG: Get user  [] {"uid":"06389db"}
[2019-07-16 00:02:08] app.INFO: User retrieved 1 [] {"uid":"06389db"}
[2019-07-16 00:02:09] app.ERROR: 1 [] {"uid":"4c02601"}
[2019-07-16 00:02:09] app.DEBUG: Get user  [] {"uid":"4c02601"}
[2019-07-16 00:02:09] app.INFO: User retrieved 1 [] {"uid":"4c02601"}
[2019-07-16 00:02:09] app.ERROR: 1 [] {"uid":"fcef8b8"}
[2019-07-16 00:02:09] app.DEBUG: Get user  [] {"uid":"fcef8b8"}
[2019-07-16 00:02:09] app.INFO: User retrieved 1 [] {"uid":"fcef8b8"}
[2019-07-16 00:03:11] app.ERROR: 1 [] {"uid":"2c3d201"}
[2019-07-16 00:03:11] app.DEBUG: Get user  [] {"uid":"2c3d201"}
[2019-07-16 00:03:11] app.INFO: User retrieved 1 [] {"uid":"2c3d201"}
[2019-07-16 00:03:43] app.ERROR: 1 [] {"uid":"bd84d8a"}
[2019-07-16 00:03:43] app.DEBUG: Get user  [] {"uid":"bd84d8a"}
[2019-07-16 00:03:43] app.INFO: User retrieved 1 [] {"uid":"bd84d8a"}
[2019-07-16 00:04:38] app.ERROR: 1 [] {"uid":"8299ef4"}
[2019-07-16 00:04:38] app.DEBUG: Get user  [] {"uid":"8299ef4"}
[2019-07-16 00:04:38] app.INFO: User retrieved 1 [] {"uid":"8299ef4"}
[2019-07-16 00:04:38] app.ERROR: 1 [] {"uid":"1066337"}
[2019-07-16 00:04:38] app.DEBUG: Get user  [] {"uid":"1066337"}
[2019-07-16 00:04:38] app.INFO: User retrieved 1 [] {"uid":"1066337"}
[2019-07-16 00:04:39] app.ERROR: 1 [] {"uid":"e4774b2"}
[2019-07-16 00:04:40] app.DEBUG: Get user  [] {"uid":"e4774b2"}
[2019-07-16 00:04:40] app.INFO: User retrieved 1 [] {"uid":"e4774b2"}
[2019-07-16 00:04:40] app.ERROR: 1 [] {"uid":"170788f"}
[2019-07-16 00:04:40] app.DEBUG: Get user  [] {"uid":"170788f"}
[2019-07-16 00:04:40] app.INFO: User retrieved 1 [] {"uid":"170788f"}
[2019-07-16 00:05:59] app.INFO: completed [] {"uid":"f1633b8"}
[2019-07-16 00:06:04] app.ERROR: 1 [] {"uid":"bb94592"}
[2019-07-16 00:06:04] app.DEBUG: Get user  [] {"uid":"bb94592"}
[2019-07-16 00:06:04] app.INFO: User retrieved 1 [] {"uid":"bb94592"}
[2019-07-16 00:07:08] app.ERROR: 1 [] {"uid":"84a15fd"}
[2019-07-16 00:07:08] app.DEBUG: Get user 1 [] {"uid":"84a15fd"}
[2019-07-16 00:07:08] app.INFO: User retrieved 1 [] {"uid":"84a15fd"}
[2019-07-16 00:07:30] app.ERROR: 1 [] {"uid":"30ddb08"}
[2019-07-16 00:07:30] app.DEBUG: Get user 1 [] {"uid":"30ddb08"}
[2019-07-16 00:07:30] app.INFO: User retrieved 1 [] {"uid":"30ddb08"}
[2019-07-16 00:07:30] app.ERROR: 1 [] {"uid":"11a9f37"}
[2019-07-16 00:07:30] app.DEBUG: Get user 1 [] {"uid":"11a9f37"}
[2019-07-16 00:07:30] app.INFO: User retrieved 1 [] {"uid":"11a9f37"}
[2019-07-16 00:07:33] app.ERROR: 1 [] {"uid":"98e2b27"}
[2019-07-16 00:07:33] app.DEBUG: Get user 1 [] {"uid":"98e2b27"}
[2019-07-16 00:07:33] app.INFO: User retrieved 1 [] {"uid":"98e2b27"}
[2019-07-16 00:07:39] app.ERROR: 1 [] {"uid":"9c9f8a6"}
[2019-07-16 00:07:39] app.DEBUG: Get user 1 [] {"uid":"9c9f8a6"}
[2019-07-16 00:07:39] app.INFO: User retrieved 1 [] {"uid":"9c9f8a6"}
[2019-07-16 00:20:23] app.ERROR: 1 [] {"uid":"c4251b6"}
[2019-07-16 00:20:23] app.DEBUG: Get user 1 [] {"uid":"c4251b6"}
[2019-07-16 00:20:23] app.INFO: User retrieved 1 [] {"uid":"c4251b6"}
[2019-07-16 09:03:38] app.ERROR: 1 [] {"uid":"814aa58"}
[2019-07-16 09:03:40] app.DEBUG: Get user 1 [] {"uid":"814aa58"}
[2019-07-16 09:03:40] app.INFO: User retrieved 1 [] {"uid":"814aa58"}
[2019-07-16 10:49:38] app.DEBUG: Get user 1 [] {"uid":"8ba265c"}
[2019-07-16 10:49:38] app.INFO: User retrieved 1 [] {"uid":"8ba265c"}
[2019-07-16 14:16:13] app.DEBUG: Get user 1 [] {"uid":"f40c348"}
[2019-07-16 14:16:13] app.INFO: User retrieved 1 [] {"uid":"f40c348"}
[2019-07-16 14:37:10] app.DEBUG: Get user 1 [] {"uid":"d814e80"}
[2019-07-16 14:37:10] app.INFO: User retrieved 1 [] {"uid":"d814e80"}
[2019-07-16 14:38:15] app.INFO: User retrieved  [] {"uid":"ce8c1db"}
[2019-07-16 14:39:43] app.DEBUG: Get all users  [] {"uid":"93d209a"}
[2019-07-16 14:54:12] app.DEBUG: Get all users  [] {"uid":"07be54c"}
[2019-07-16 14:54:16] app.DEBUG: Get all users  [] {"uid":"6b965ae"}
[2019-07-16 14:55:15] app.INFO: completed [] {"uid":"4a64f55"}
[2019-07-16 15:11:42] app.DEBUG: Get all modules  [] {"uid":"1e0618f"}
[2019-07-16 15:13:16] app.DEBUG: Get all modules  [] {"uid":"e87bef0"}
[2019-07-16 15:14:44] app.DEBUG: Get all modules  [] {"uid":"9b3f126"}
[2019-07-16 15:25:36] app.DEBUG: Get all users  [] {"uid":"74ba9c4"}
[2019-07-16 15:25:40] app.DEBUG: Get all users  [] {"uid":"794bffb"}
[2019-07-16 15:36:27] app.INFO: completed [] {"uid":"cd46311"}
[2019-07-16 15:41:10] app.INFO: completed [] {"uid":"cdb143a"}
[2019-07-16 15:41:12] app.INFO: completed [] {"uid":"949824b"}
[2019-07-16 15:41:12] app.INFO: completed [] {"uid":"8abe546"}
[2019-07-16 15:41:12] app.INFO: completed [] {"uid":"3cdffde"}
[2019-07-16 15:41:13] app.INFO: completed [] {"uid":"1c8150d"}
[2019-07-16 15:41:13] app.INFO: completed [] {"uid":"9f35758"}
[2019-07-16 15:41:13] app.INFO: completed [] {"uid":"4e63f58"}
[2019-07-16 15:41:13] app.INFO: completed [] {"uid":"60c653f"}
[2019-07-16 15:41:13] app.INFO: completed [] {"uid":"691c22c"}
[2019-07-16 15:41:14] app.INFO: completed [] {"uid":"1a94d87"}
[2019-07-16 15:41:14] app.INFO: completed [] {"uid":"71ad801"}
[2019-07-16 15:41:14] app.INFO: completed [] {"uid":"848555e"}
[2019-07-16 15:41:14] app.INFO: completed [] {"uid":"a47a1ff"}
[2019-07-16 15:41:14] app.INFO: completed [] {"uid":"c11165a"}
[2019-07-16 15:41:17] app.INFO: completed [] {"uid":"87e86c8"}
[2019-07-16 15:41:32] app.INFO: completed [] {"uid":"73365ad"}
[2019-07-16 15:41:32] app.INFO: completed [] {"uid":"a63e271"}
[2019-07-16 15:41:32] app.INFO: completed [] {"uid":"e0f929a"}
[2019-07-16 15:41:32] app.INFO: completed [] {"uid":"6bcc0e9"}
[2019-07-16 15:43:44] app.INFO: completed [] {"uid":"1ebb2d2"}
[2019-07-16 15:43:57] app.INFO: completed [] {"uid":"6eac049"}
[2019-07-16 15:43:58] app.INFO: completed [] {"uid":"eda5bc0"}
[2019-07-16 15:43:58] app.INFO: completed [] {"uid":"4863f12"}
[2019-07-16 15:43:58] app.INFO: completed [] {"uid":"b7932a3"}
[2019-07-16 15:43:58] app.INFO: completed [] {"uid":"f4a2ade"}
[2019-07-16 15:43:58] app.INFO: completed [] {"uid":"638483d"}
[2019-07-16 15:43:58] app.INFO: completed [] {"uid":"91a0b54"}
[2019-07-16 15:43:59] app.INFO: completed [] {"uid":"b636781"}
[2019-07-16 15:44:00] app.INFO: completed [] {"uid":"f26046f"}
[2019-07-16 15:44:00] app.INFO: completed [] {"uid":"386ea3e"}
[2019-07-16 15:44:00] app.INFO: completed [] {"uid":"d86e724"}
[2019-07-16 15:44:00] app.INFO: completed [] {"uid":"51b5c40"}
[2019-07-16 15:44:00] app.INFO: completed [] {"uid":"b20e9cf"}

[2019-07-16 16:01:59] app.DEBUG: Get all modules  [] {"uid":"46bd25a"}
[2019-07-16 16:06:52] app.DEBUG: Get all modules  [] {"uid":"204ff31"}
[2019-07-16 16:08:50] app.DEBUG: Get all modules  [] {"uid":"e55506c"}
[2019-07-16 16:09:05] app.INFO: completed [] {"uid":"11b70ce"}
[2019-07-16 19:41:29] app.INFO: completed [] {"uid":"6796f0c"}
[2019-07-16 21:55:13] app.DEBUG: Get all users  [] {"uid":"a01b5a8"}
[2019-07-16 21:56:13] app.DEBUG: Get all modules  [] {"uid":"6e2edf1"}
[2019-07-16 22:08:57] app.DEBUG: Get all modules  [] {"uid":"9e60b81"}
[2019-07-16 22:09:20] app.DEBUG: Get all modules  [] {"uid":"6ba97a3"}
[2019-07-16 22:09:45] app.DEBUG: Get all modules  [] {"uid":"4374904"}
[2019-07-16 22:09:52] app.DEBUG: Get all modules  [] {"uid":"ccfcb05"}
[2019-07-16 22:11:12] app.DEBUG: Get all modules  [] {"uid":"e97095b"}
[2019-07-16 22:11:16] app.DEBUG: Get all modules  [] {"uid":"c503bd9"}
[2019-07-17 11:51:34] app.INFO: completed [] {"uid":"8e77993"}
[2019-07-17 11:52:00] app.INFO: completed [] {"uid":"2258244"}
[2019-07-17 11:52:49] app.INFO: completed [] {"uid":"c0fc312"}
[2019-07-17 11:56:07] app.DEBUG: Get user 1 [] {"uid":"de970ea"}
[2019-07-17 11:56:07] app.INFO: User retrieved 1 [] {"uid":"de970ea"}
[2019-07-17 11:56:52] app.DEBUG: Get user 1 [] {"uid":"876e5ed"}
[2019-07-17 11:56:52] app.INFO: User retrieved 1 [] {"uid":"876e5ed"}
[2019-07-17 12:20:51] app.DEBUG: Get user 1 [] {"uid":"d382e6a"}
[2019-07-17 12:20:51] app.INFO: User retrieved 1 [] {"uid":"d382e6a"}
[2019-07-17 12:20:52] app.DEBUG: Get user 1 [] {"uid":"8132e32"}
[2019-07-17 12:20:52] app.INFO: User retrieved 1 [] {"uid":"8132e32"}
[2019-07-17 12:20:53] app.DEBUG: Get user 1 [] {"uid":"dbdf503"}
[2019-07-17 12:20:53] app.INFO: User retrieved 1 [] {"uid":"dbdf503"}
[2019-07-17 12:21:04] app.DEBUG: Get user 1 [] {"uid":"09c9072"}
[2019-07-17 12:21:04] app.INFO: User retrieved 1 [] {"uid":"09c9072"}
[2019-07-17 12:21:05] app.DEBUG: Get user 1 [] {"uid":"d871e2e"}
[2019-07-17 12:21:05] app.INFO: User retrieved 1 [] {"uid":"d871e2e"}
[2019-07-17 12:29:23] app.INFO: completed [] {"uid":"a312d19"}
[2019-07-17 12:29:24] app.INFO: completed [] {"uid":"8658f58"}
[2019-07-17 12:29:32] app.DEBUG: Get user 1 [] {"uid":"d014e8f"}
[2019-07-17 12:29:32] app.INFO: User retrieved 1 [] {"uid":"d014e8f"}
[2019-07-17 12:31:41] app.DEBUG: Get user 1 [] {"uid":"7f80833"}
[2019-07-17 12:31:41] app.INFO: User retrieved 1 [] {"uid":"7f80833"}
[2019-07-17 12:31:42] app.DEBUG: Get user 1 [] {"uid":"aef8adf"}
[2019-07-17 12:31:42] app.INFO: User retrieved 1 [] {"uid":"aef8adf"}
[2019-07-17 12:32:36] app.INFO: completed [] {"uid":"7d0b915"}
[2019-07-17 12:32:48] app.INFO: completed [] {"uid":"080fcc4"}
[2019-07-17 12:32:55] app.INFO: completed [] {"uid":"8c4cc3f"}
[2019-07-17 12:33:01] app.INFO: completed [] {"uid":"ed3d696"}
[2019-07-17 12:33:06] app.DEBUG: Get user 1 [] {"uid":"07a8fbd"}
[2019-07-17 12:33:06] app.INFO: User retrieved 1 [] {"uid":"07a8fbd"}
[2019-07-17 12:33:41] app.INFO: completed [] {"uid":"7e98cb1"}
[2019-07-17 12:33:49] app.INFO: completed [] {"uid":"3693f79"}
[2019-07-17 12:36:21] app.DEBUG: Get user 1 [] {"uid":"aeea99e"}
[2019-07-17 12:36:21] app.INFO: User retrieved 1 [] {"uid":"aeea99e"}
[2019-07-17 12:42:05] app.DEBUG: Get user 1 [] {"uid":"009caad"}
[2019-07-17 12:42:05] app.INFO: User retrieved 1 [] {"uid":"009caad"}
[2019-07-17 12:42:06] app.DEBUG: Get user 1 [] {"uid":"e5d8124"}
[2019-07-17 12:42:06] app.INFO: User retrieved 1 [] {"uid":"e5d8124"}
[2019-07-17 12:42:19] app.INFO: completed [] {"uid":"49769e5"}
[2019-07-17 12:42:28] app.INFO: completed [] {"uid":"3900217"}
[2019-07-17 12:45:05] app.DEBUG: Get user 1 [] {"uid":"058313e"}
[2019-07-17 12:45:05] app.INFO: User retrieved 1 [] {"uid":"058313e"}
[2019-07-17 12:45:39] app.INFO: completed [] {"uid":"74eb68f"}
[2019-07-17 12:45:58] app.INFO: completed [] {"uid":"95b626a"}
[2019-07-17 12:45:59] app.INFO: completed [] {"uid":"cdbeaa1"}
[2019-07-17 12:46:16] app.INFO: completed [] {"uid":"7a23cba"}
[2019-07-17 12:46:40] app.INFO: completed [] {"uid":"26dc89f"}
[2019-07-17 12:46:57] app.INFO: completed [] {"uid":"7897142"}
[2019-07-17 12:47:50] app.DEBUG: Get user 1 [] {"uid":"2296291"}
[2019-07-17 12:47:50] app.INFO: User retrieved 1 [] {"uid":"2296291"}
[2019-07-17 12:49:34] app.DEBUG: Get user 1 [] {"uid":"8ac5f2c"}
[2019-07-17 12:49:34] app.INFO: User retrieved 1 [] {"uid":"8ac5f2c"}
[2019-07-17 12:52:28] app.INFO: completed [] {"uid":"50a1052"}
[2019-07-17 12:52:47] app.DEBUG: Get user 1 [] {"uid":"4a69127"}
[2019-07-17 12:52:47] app.INFO: User retrieved 1 [] {"uid":"4a69127"}
[2019-07-17 12:53:18] app.INFO: completed [] {"uid":"150688b"}
[2019-07-17 12:53:27] app.INFO: completed [] {"uid":"4ad391f"}
[2019-07-17 12:53:57] app.DEBUG: Get user 1 [] {"uid":"75df342"}
[2019-07-17 12:53:57] app.INFO: User retrieved 1 [] {"uid":"75df342"}
[2019-07-17 12:54:56] app.DEBUG: Get user 1 [] {"uid":"72ccb62"}
[2019-07-17 12:54:56] app.INFO: User retrieved 1 [] {"uid":"72ccb62"}
[2019-07-17 13:01:45] app.DEBUG: Get user 1 [] {"uid":"987dc72"}
[2019-07-17 13:01:45] app.INFO: User retrieved 1 [] {"uid":"987dc72"}
[2019-07-17 13:04:02] app.DEBUG: Get user 1 [] {"uid":"fdd0f98"}
[2019-07-17 13:04:02] app.INFO: User retrieved 1 [] {"uid":"fdd0f98"}
[2019-07-17 13:04:15] app.DEBUG: Get user 43 [] {"uid":"a49e424"}
[2019-07-17 13:04:15] app.INFO: User retrieved 43 [] {"uid":"a49e424"}
[2019-07-17 13:09:05] app.DEBUG: Get user 43 [] {"uid":"c282451"}
[2019-07-17 13:09:05] app.INFO: User retrieved 43 [] {"uid":"c282451"}
[2019-07-17 13:09:06] app.DEBUG: Get user 43 [] {"uid":"fb3f4fc"}
[2019-07-17 13:09:06] app.INFO: User retrieved 43 [] {"uid":"fb3f4fc"}
[2019-07-17 13:09:08] app.DEBUG: Get user 43 [] {"uid":"376265b"}
[2019-07-17 13:09:08] app.INFO: User retrieved 43 [] {"uid":"376265b"}
[2019-07-17 13:09:09] app.DEBUG: Get user 43 [] {"uid":"f7755e3"}
[2019-07-17 13:09:09] app.INFO: User retrieved 43 [] {"uid":"f7755e3"}
[2019-07-17 15:39:50] app.INFO: completed [] {"uid":"ab370e5"}
[2019-07-17 15:43:32] app.INFO: completed [] {"uid":"d4bf5f0"}
[2019-07-17 15:45:38] app.INFO: completed [] {"uid":"353965f"}
[2019-07-17 15:45:38] app.INFO: completed [] {"uid":"5e23661"}
[2019-07-17 15:45:40] app.INFO: completed [] {"uid":"fb1477f"}
[2019-07-17 15:50:57] app.INFO: completed [] {"uid":"4949341"}
[2019-07-17 15:51:58] app.INFO: completed [] {"uid":"0b7af21"}
[2019-07-17 15:52:00] app.INFO: completed [] {"uid":"9d63c77"}
[2019-07-17 16:00:36] app.INFO: completed [] {"uid":"d7871a9"}
[2019-07-17 16:03:28] app.INFO: completed [] {"uid":"6e9cc30"}
[2019-07-17 16:03:29] app.INFO: completed [] {"uid":"b554426"}
[2019-07-17 16:03:30] app.INFO: completed [] {"uid":"5b7cfb0"}
[2019-07-17 16:06:21] app.INFO: User retrieved  [] {"uid":"cb3f5eb"}
[2019-07-17 16:06:29] app.INFO: completed [] {"uid":"d42f633"}
[2019-07-17 16:06:32] app.INFO: User retrieved  [] {"uid":"91870d9"}
[2019-07-17 16:06:33] app.INFO: User retrieved  [] {"uid":"9fea606"}
[2019-07-17 16:06:35] app.INFO: User retrieved  [] {"uid":"a34c180"}
[2019-07-17 16:06:38] app.INFO: User retrieved  [] {"uid":"6a8d004"}
[2019-07-17 16:06:40] app.INFO: completed [] {"uid":"e76b21c"}
[2019-07-17 16:07:07] app.INFO: User retrieved  [] {"uid":"81ad809"}
[2019-07-17 16:07:10] app.INFO: User retrieved  [] {"uid":"e37e177"}
[2019-07-17 16:07:13] app.INFO: User retrieved  [] {"uid":"9fe0a17"}
[2019-07-17 16:07:17] app.INFO: completed [] {"uid":"6662d95"}
[2019-07-17 16:14:05] app.DEBUG: Get user mail [] {"uid":"a5b91b0"}
[2019-07-17 16:14:15] app.DEBUG: Get user email [] {"uid":"6d099ab"}
[2019-07-17 16:14:37] app.INFO: User retrieved  [] {"uid":"d179712"}
[2019-07-17 16:14:49] app.INFO: User retrieved  [] {"uid":"dd1344c"}
[2019-07-17 16:16:35] app.INFO: completed [] {"uid":"a91400e"}
[2019-07-17 16:22:58] app.INFO: completed [] {"uid":"4e6956d"}
[2019-07-17 16:30:06] app.INFO: completed [] {"uid":"3f2c50f"}
[2019-07-17 16:34:33] app.DEBUG: Get user 1 [] {"uid":"768a921"}
[2019-07-17 16:34:49] app.DEBUG: Get user 1 [] {"uid":"d0b9b54"}
[2019-07-17 16:34:49] app.INFO: completed [] {"uid":"39a59dc"}
[2019-07-17 16:36:02] app.INFO: completed [] {"uid":"df7e254"}
[2019-07-17 16:36:03] app.INFO: completed [] {"uid":"1b10cb9"}
[2019-07-17 16:36:07] app.DEBUG: Get user 1 [] {"uid":"b3a821e"}
[2019-07-17 16:36:21] app.INFO: completed [] {"uid":"227bce7"}
[2019-07-17 16:36:22] app.DEBUG: Get user 1 [] {"uid":"7b9eb2e"}
[2019-07-17 16:36:42] app.DEBUG: Get user 1 [] {"uid":"2b53f37"}
[2019-07-17 16:37:43] app.INFO: completed [] {"uid":"c01c38c"}
[2019-07-17 16:37:49] app.DEBUG: Get user 1 [] {"uid":"27f1bf4"}
[2019-07-17 16:37:49] app.INFO: completed [] {"uid":"7dc4818"}
[2019-07-17 16:44:11] app.DEBUG: Get user 1 [] {"uid":"c0a71de"}
[2019-07-17 16:44:12] app.INFO: completed [] {"uid":"70a3be9"}
[2019-07-17 16:47:11] app.DEBUG: Get user 1 [] {"uid":"959e879"}
[2019-07-17 16:47:14] app.INFO: completed [] {"uid":"a325b73"}
[2019-07-17 16:47:28] app.DEBUG: Get user 1 [] {"uid":"ae990fa"}
[2019-07-17 16:47:28] app.INFO: completed [] {"uid":"2a73878"}
[2019-07-17 16:48:05] app.INFO: completed [] {"uid":"426cbcf"}
[2019-07-17 16:49:05] app.DEBUG: Get user bibi [] {"uid":"7fd1802"}
[2019-07-17 16:49:05] app.INFO: User retrieved bibi [] {"uid":"7fd1802"}
[2019-07-17 16:49:09] app.DEBUG: Get user bibid [] {"uid":"a6a0605"}
[2019-07-17 16:49:11] app.DEBUG: Get user bibi [] {"uid":"cc21fbd"}
[2019-07-17 16:49:11] app.INFO: User retrieved bibi [] {"uid":"cc21fbd"}
[2019-07-17 16:49:49] app.DEBUG: Get user bibi [] {"uid":"4f4996d"}
[2019-07-17 16:49:49] app.INFO: User retrieved bibi [] {"uid":"4f4996d"}
[2019-07-17 16:51:07] app.DEBUG: Get user bibil [] {"uid":"949d42b"}
[2019-07-17 16:51:10] app.DEBUG: Get user bibi [] {"uid":"620a355"}
[2019-07-17 16:51:10] app.INFO: User retrieved bibi [] {"uid":"620a355"}
[2019-07-17 16:52:22] app.DEBUG: Get user bibi [] {"uid":"9456245"}
[2019-07-17 16:52:22] app.INFO: User retrieved bibi [] {"uid":"9456245"}
[2019-07-17 16:52:28] app.INFO: completed [] {"uid":"f655dbe"}
[2019-07-17 16:52:40] app.INFO: completed [] {"uid":"cba3e12"}
[2019-07-17 16:52:41] app.INFO: User retrieved  [] {"uid":"3ad2010"}
[2019-07-17 16:52:44] app.INFO: User retrieved  [] {"uid":"4459011"}
[2019-07-17 16:52:46] app.INFO: completed [] {"uid":"3f5eb82"}
[2019-07-17 16:56:30] app.DEBUG: Get user a. [] {"uid":"e590189"}
[2019-07-17 16:56:30] app.INFO: User retrieved a. [] {"uid":"e590189"}
[2019-07-17 16:56:35] app.DEBUG: Get user a [] {"uid":"2baa46d"}
[2019-07-17 16:56:35] app.INFO: User retrieved a [] {"uid":"2baa46d"}
[2019-07-17 16:56:44] app.DEBUG: Get user lo@l.com [] {"uid":"87b763a"}
[2019-07-17 16:56:44] app.INFO: User retrieved lo@l.com [] {"uid":"87b763a"}
